MIF/HEX Update report for DE2_NET
Wed Jun 13 09:47:32 2018
Quartus II 64-Bit Version 13.0.0 Build 156 04/24/2013 SJ Web Edition


---------------------
; Table of Contents ;
---------------------
  1. Legal Notice
  2. MIF/HEX Update Summary
  3. MIF/HEX Update Processed Files
  4. MIF/HEX Update Messages



----------------
; Legal Notice ;
----------------
Copyright (C) 1991-2013 Altera Corporation
Your use of Altera Corporation's design tools, logic functions 
and other software and tools, and its AMPP partner logic 
functions, and any output files from any of the foregoing 
(including device programming or simulation files), and any 
associated documentation or information are expressly subject 
to the terms and conditions of the Altera Program License 
Subscription Agreement, Altera MegaCore Function License 
Agreement, or other applicable license agreement, including, 
without limitation, that your use is for the sole purpose of 
programming logic devices manufactured by Altera and sold by 
Altera or its authorized distributors.  Please refer to the 
applicable agreement for further details.



+-----------------------------------------------------------+
; MIF/HEX Update Summary                                    ;
+-----------------------+-----------------------------------+
; MIF/HEX Update Status ; Failed - Wed Jun 13 09:47:32 2018 ;
; Revision Name         ; DE2_NET                           ;
; Top-level Entity Name ; DE2_NET                           ;
; Family                ; Cyclone II                        ;
; Device                ; EP2C35F672C6                      ;
+-----------------------+-----------------------------------+


+--------------------------------+
; MIF/HEX Update Processed Files ;
+--------------------------------+
; File Name                      ;
+--------------------------------+


+-------------------------+
; MIF/HEX Update Messages ;
+-------------------------+
Info: *******************************************************************
Info: Running Quartus II 64-Bit MIF/HEX Update
    Info: Version 13.0.0 Build 156 04/24/2013 SJ Web Edition
    Info: Processing started: Wed Jun 13 09:47:24 2018
Info: Command: quartus_cdb DE2_NET -c DE2_NET --update_mif
Warning (39023): Can't find Memory Initialization File system_0_epcs_controller_boot_rom.hex -- skipped updates for this file
Warning (39023): Can't find Memory Initialization File system_0_cpu_0_ic_tag_ram.mif -- skipped updates for this file
Warning (39023): Can't find Memory Initialization File system_0_cpu_0_bht_ram.mif -- skipped updates for this file
Warning (39023): Can't find Memory Initialization File system_0_cpu_0_rf_ram_a.mif -- skipped updates for this file
Warning (39023): Can't find Memory Initialization File system_0_cpu_0_rf_ram_b.mif -- skipped updates for this file
Warning (39023): Can't find Memory Initialization File system_0_cpu_0_dc_tag_ram.mif -- skipped updates for this file
Warning (39023): Can't find Memory Initialization File system_0_cpu_0_ociram_default_contents.mif -- skipped updates for this file
Warning (39023): Can't find Memory Initialization File img_data.hex -- skipped updates for this file
Error (39022): Found no valid Memory Initialization File to process
Error: Quartus II 64-Bit MIF/HEX Update was unsuccessful. 1 error, 8 warnings
    Error: Peak virtual memory: 506 megabytes
    Error: Processing ended: Wed Jun 13 09:47:32 2018
    Error: Elapsed time: 00:00:08
    Error: Total CPU time (on all processors): 00:00:08


