
**** Build of configuration Nios II for project PepinoBoris_bsp ****

make all 
[BSP build complete]

**** Build Finished ****

**** Build of configuration Nios II for project PepinoBoris ****

make all 
Info: Building ../PepinoBoris_bsp/
make --no-print-directory -C ../PepinoBoris_bsp/
[BSP build complete]
Info: Compiling sdcard/my_sdcard.c to obj/default/sdcard/my_sdcard.o
nios2-elf-gcc -xc -MP -MMD -c -I../PepinoBoris_bsp//iniche/inc -I../PepinoBoris_bsp//iniche/src/h -I../PepinoBoris_bsp//iniche/src/h/nios2 -I../PepinoBoris_bsp//iniche/src/nios2 -I../PepinoBoris_bsp//UCOSII/inc -I../PepinoBoris_bsp//HAL/inc -I../PepinoBoris_bsp/ -I../PepinoBoris_bsp//drivers/inc  -DSYSTEM_BUS_WIDTH=32 -pipe -D__hal__ -DALT_NO_INSTRUCTION_EMULATION -DALT_INICHE -D__ucosii__    -O0 -g -Wall   -EL -mno-hw-div -mhw-mul -mno-hw-mulx  -o obj/default/sdcard/my_sdcard.o sdcard/my_sdcard.c
sdcard/my_sdcard.c: In function 'escreveBloco':
Info: Compiling simple_socket_server.c to obj/default/simple_socket_server.o
sdcard/my_sdcard.c:40: warning: implicit declaration of function 'OSTimeDlyHMSM'
nios2-elf-gcc -xc -MP -MMD -c -I../PepinoBoris_bsp//iniche/inc -I../PepinoBoris_bsp//iniche/src/h -I../PepinoBoris_bsp//iniche/src/h/nios2 -I../PepinoBoris_bsp//iniche/src/nios2 -I../PepinoBoris_bsp//UCOSII/inc -I../PepinoBoris_bsp//HAL/inc -I../PepinoBoris_bsp/ -I../PepinoBoris_bsp//drivers/inc  -DSYSTEM_BUS_WIDTH=32 -pipe -D__hal__ -DALT_NO_INSTRUCTION_EMULATION -DALT_INICHE -D__ucosii__    -O0 -g -Wall   -EL -mno-hw-div -mhw-mul -mno-hw-mulx  -o obj/default/simple_socket_server.o simple_socket_server.c
sdcard/my_sdcard.c: In function 'printSamples':
Info: Linking PepinoBoris.elf
sdcard/my_sdcard.c:166: warning: implicit declaration of function 'printf'
nios2-elf-g++  -T'../PepinoBoris_bsp//linker.x' -msys-crt0='../PepinoBoris_bsp//obj/HAL/src/crt0.o' -msys-lib=ucosii_bsp -L../PepinoBoris_bsp/   -Wl,-Map=PepinoBoris.map   -O0 -g -Wall   -EL -mno-hw-div -mhw-mul -mno-hw-mulx  -o PepinoBoris.elf obj/default/VGA.o obj/default/alt_error_handler.o obj/default/dm9000a.o obj/default/iniche_init.o obj/default/led.o obj/default/my_threads.o obj/default/network_utilities.o obj/default/sdcard/my_sdcard.o obj/default/simple_socket_server.o obj/default/tse_my_system.o -lm 
sdcard/my_sdcard.c:166: warning: incompatible implicit declaration of built-in function 'printf'
nios2-elf-insert PepinoBoris.elf --thread_model ucosii --cpu_name cpu_0 --qsys true --simulation_enabled false --id 0 --sidp 0x1a824f0 --timestamp 1530973843 --stderr_dev jtag_uart_0 --stdin_dev jtag_uart_0 --stdout_dev jtag_uart_0 --sopc_system_name system_0 --quartus_project_dir "D:/Biblioteca/Documentos/quartus13/DE2_NET" --jdi D:/Biblioteca/Documentos/quartus13/DE2_NET/software/PepinoBoris_bsp/../../DE2_NET.jdi --sopcinfo D:/Biblioteca/Documentos/quartus13/DE2_NET/software/PepinoBoris_bsp/../../system_0.sopcinfo
simple_socket_server.c:30:22: warning: extra tokens at end of #include directive
simple_socket_server.c: In function 'SSSSimpleSocketServerTask':
simple_socket_server.c:514: warning: pointer targets in passing argument 1 of 'sampleDecoder' differ in signedness
simple_socket_server.c:426: warning: unused variable 'max_socket'
Info: (PepinoBoris.elf) 388 KBytes program size (code + initialized data).
Info:                   7803 KBytes free for stack + heap.
Info: Creating PepinoBoris.objdump
nios2-elf-objdump --disassemble --syms --all-header --source PepinoBoris.elf >PepinoBoris.objdump
[PepinoBoris build complete]

**** Build Finished ****

**** Build of configuration Nios II for project PepinoBoris_bsp ****

make all 
[BSP build complete]

**** Build Finished ****

**** Build of configuration Nios II for project PepinoBoris ****

make all 
Info: Building ../PepinoBoris_bsp/
make --no-print-directory -C ../PepinoBoris_bsp/
[BSP build complete]
[PepinoBoris build complete]

**** Build Finished ****

**** Build of configuration Nios II for project PepinoBoris_bsp ****

make all 
[BSP build complete]

**** Build Finished ****

**** Build of configuration Nios II for project PepinoBoris ****

make all 
Info: Building ../PepinoBoris_bsp/
make --no-print-directory -C ../PepinoBoris_bsp/
[BSP build complete]
[PepinoBoris build complete]

**** Build Finished ****
